<?xml version="1.0" encoding="UTF-8" ?>
<testsuite errors="0" failures="3" hostname="fendi-K40IJ" name="StatistikTest" tests="5" time="0.282" timestamp="2013-11-01T16:13:53">
  <properties>
[...]
</properties>
  <testcase classname="StatistikTest" name="isValidTest" time="0.006" />
  <testcase classname="StatistikTest" name="getRataRataTest" time="0.001" />
  <testcase classname="StatistikTest" name="getMedianTest" time="0.026">
    <failure type="junit.framework.AssertionFailedError">junit.framework.AssertionFailedError
	at StatistikTest.getMedianTest(StatistikTest.java:62)
</failure>
  </testcase>
  <testcase classname="StatistikTest" name="getUrutanTest" time="0.014">
    <failure message="arrays first differed at element [0]; expected:&lt;4&gt; but was:&lt;1&gt;" type="junit.framework.AssertionFailedError">junit.framework.AssertionFailedError: arrays first differed at element [0]; expected:&lt;4&gt; but was:&lt;1&gt;
	at StatistikTest.getUrutanTest(StatistikTest.java:70)
</failure>
  </testcase>
  <testcase classname="StatistikTest" name="integrationTest" time="0.008">
    <failure type="junit.framework.AssertionFailedError">junit.framework.AssertionFailedError
	at StatistikTest.integrationTest(StatistikTest.java:93)
</failure>
  </testcase>
  <system-out><![CDATA[]]></system-out>
  <system-err><![CDATA[]]></system-err>
</testsuite>
